<?xml version="1.0" encoding="UTF-8"?>
<!-- Generated by org.testng.reporters.JUnitReportReporter -->
<testsuite skipped="0" hostname="Comets-MBP.attlocal.net" name="TechfiosTests.LoginTest" tests="1" failures="0" timestamp="29 Jan 2023 03:51:12 GMT" time="7.265" errors="0">
  <testcase name="test1" time="7.265" classname="TechfiosTests.LoginTest"/>
</testsuite> <!-- TechfiosTests.LoginTest -->
