<?xml version="1.0" encoding="UTF-8"?>
<!-- Generated by org.testng.reporters.JUnitReportReporter -->
<testsuite skipped="0" hostname="Comets-MBP.attlocal.net" name="logintest.LoginTest" tests="1" failures="0" timestamp="25 Jan 2023 21:55:22 GMT" time="6.741" errors="0">
  <testcase name="test1" time="6.741" classname="logintest.LoginTest"/>
</testsuite> <!-- logintest.LoginTest -->
